<?xml version="1.0" encoding="UTF-8"?>
<!-- Generated by org.testng.reporters.JUnitReportReporter -->
<testsuite hostname="SWETHA" name="myfinance.FinancialTestingIMA_TC_003" tests="2" failures="0" timestamp="10 Oct 2016 05:19:33 GMT" time="102.075" errors="0">
  <testcase name="Login" time="18.174" classname="myfinance.FinancialTestingIMA_TC_003"/>
  <testcase name="PayVariableInvoice" time="83.901" classname="myfinance.FinancialTestingIMA_TC_003"/>
</testsuite> <!-- myfinance.FinancialTestingIMA_TC_003 -->
