<?xml version="1.0" encoding="UTF-8"?>
<!-- Generated by org.testng.reporters.JUnitReportReporter -->
<testsuite hostname="SWETHA" name="myfinance.FinancialVouchers" tests="2" failures="0" timestamp="17 Sep 2016 06:00:19 GMT" time="140.887" errors="0">
  <testcase name="PayForBookedFacility" time="122.518" classname="myfinance.FinancialVouchers"/>
  <testcase name="login" time="18.369" classname="myfinance.FinancialVouchers"/>
</testsuite> <!-- myfinance.FinancialVouchers -->
