<?xml version="1.0" encoding="UTF-8"?>
<!-- Generated by org.testng.reporters.JUnitReportReporter -->
<testsuite hostname="SWETHA" name="testNG.financemodule" tests="2" failures="0" timestamp="10 Aug 2016 09:13:29 GMT" time="28.531" errors="0">
  <testcase name="Export" time="3.180" classname="testNG.financemodule"/>
  <testcase name="login" time="25.351" classname="testNG.financemodule"/>
</testsuite> <!-- testNG.financemodule -->
