<?xml version="1.0" encoding="UTF-8"?>
<!-- Generated by org.testng.reporters.JUnitReportReporter -->
<testsuite hostname="SWETHA" name="myfinance.FinanceTesting" tests="2" failures="0" timestamp="6 Oct 2016 08:52:26 GMT" time="75.434" errors="0">
  <testcase name="FixedInvoiceGenerationWithDates" time="56.561" classname="myfinance.FinanceTesting"/>
  <testcase name="Login" time="18.873" classname="myfinance.FinanceTesting"/>
</testsuite> <!-- myfinance.FinanceTesting -->
