<?xml version="1.0" encoding="UTF-8"?>
<!-- Generated by org.testng.reporters.JUnitReportReporter -->
<testsuite hostname="SWETHA" name="myfinance.Scenario2" tests="5" failures="0" timestamp="3 Oct 2016 16:47:16 GMT" time="198.753" errors="0">
  <testcase name="SelectAndPay" time="58.075" classname="myfinance.Scenario2"/>
  <testcase name="BookFacility" time="77.707" classname="myfinance.Scenario2"/>
  <testcase name="GetFIGvoucher" time="17.638" classname="myfinance.Scenario2"/>
  <testcase name="Login" time="20.891" classname="myfinance.Scenario2"/>
  <testcase name="AddFacility" time="24.442" classname="myfinance.Scenario2"/>
</testsuite> <!-- myfinance.Scenario2 -->
