<?xml version="1.0" encoding="UTF-8"?>
<!-- Generated by org.testng.reporters.JUnitReportReporter -->
<testsuite hostname="SWETHA" name="myfinance.Scenario5" tests="2" failures="0" timestamp="3 Oct 2016 15:57:24 GMT" time="400.639" errors="0">
  <testcase name="GenerateFixedInvoice" time="380.078" classname="myfinance.Scenario5"/>
  <testcase name="Login" time="20.561" classname="myfinance.Scenario5"/>
</testsuite> <!-- myfinance.Scenario5 -->
