<?xml version="1.0" encoding="UTF-8"?>
<!-- Generated by org.testng.reporters.JUnitReportReporter -->
<testsuite hostname="SWETHA" name="myfinance.Testsmallmethods" tests="2" failures="0" timestamp="19 Sep 2016 08:05:53 GMT" time="64.405" errors="0">
  <testcase name="ReverseInvoice" time="45.606" classname="myfinance.Testsmallmethods"/>
  <testcase name="Login" time="18.799" classname="myfinance.Testsmallmethods"/>
</testsuite> <!-- myfinance.Testsmallmethods -->
