<?xml version="1.0" encoding="UTF-8"?>
<!-- Generated by org.testng.reporters.JUnitReportReporter -->
<testsuite hostname="SWETHA" name="myfinance.ManageVouchers" tests="2" failures="0" timestamp="16 Sep 2016 13:13:46 GMT" time="39.642" errors="0">
  <testcase name="login" time="19.656" classname="myfinance.ManageVouchers"/>
  <testcase name="PayForBookedFacility" time="19.986" classname="myfinance.ManageVouchers"/>
</testsuite> <!-- myfinance.ManageVouchers -->
