<?xml version="1.0" encoding="UTF-8"?>
<!-- Generated by org.testng.reporters.JUnitReportReporter -->
<testsuite hostname="SWETHA" name="myfinance.Invoicegeneration" tests="1" failures="0" timestamp="15 Sep 2016 17:16:52 GMT" time="24.143" errors="0">
  <testcase name="searchinvoice" time="24.143" classname="myfinance.Invoicegeneration"/>
</testsuite> <!-- myfinance.Invoicegeneration -->
