<?xml version="1.0" encoding="UTF-8"?>
<!-- Generated by org.testng.reporters.JUnitReportReporter -->
<testsuite hostname="SWETHA" name="myfinance.Datadriven" tests="2" failures="0" timestamp="19 Oct 2016 07:46:43 GMT" time="51.115" errors="0">
  <testcase name="Addfacility" time="31.358" classname="myfinance.Datadriven"/>
  <testcase name="Login" time="19.757" classname="myfinance.Datadriven"/>
</testsuite> <!-- myfinance.Datadriven -->
