<?xml version="1.0" encoding="UTF-8"?>
<!-- Generated by org.testng.reporters.JUnitReportReporter -->
<testsuite hostname="SWETHA" name="testNG.Myresidents" tests="1" failures="0" timestamp="19 Aug 2016 05:46:06 GMT" time="16.202" errors="0">
  <testcase name="managefacility" time="16.202" classname="testNG.Myresidents"/>
</testsuite> <!-- testNG.Myresidents -->
