<?xml version="1.0" encoding="UTF-8"?>
<!-- Generated by org.testng.reporters.JUnitReportReporter -->
<testsuite hostname="SWETHA" name="myfinance.FinanceTestingIMA_TC_002" tests="2" failures="0" timestamp="7 Oct 2016 05:56:52 GMT" time="86.239" errors="0">
  <testcase name="ReverseFixedInvoice" time="68.186" classname="myfinance.FinanceTestingIMA_TC_002"/>
  <testcase name="Login" time="18.053" classname="myfinance.FinanceTestingIMA_TC_002"/>
</testsuite> <!-- myfinance.FinanceTestingIMA_TC_002 -->
