<?xml version="1.0" encoding="UTF-8"?>
<!-- Generated by org.testng.reporters.JUnitReportReporter -->
<testsuite hostname="SWETHA" name="myfinance.Scenario3" tests="3" failures="0" timestamp="3 Oct 2016 16:55:04 GMT" time="97.508" errors="0">
  <testcase name="ReversaInvoice" time="19.263" classname="myfinance.Scenario3"/>
  <testcase name="Login" time="19.125" classname="myfinance.Scenario3"/>
  <testcase name="SelectAndPay" time="59.120" classname="myfinance.Scenario3"/>
</testsuite> <!-- myfinance.Scenario3 -->
