<?xml version="1.0" encoding="UTF-8"?>
<!-- Generated by org.testng.reporters.JUnitReportReporter -->
<testsuite hostname="SWETHA" name="myfinance.Testsimplemethods" tests="1" failures="0" timestamp="6 Oct 2016 08:34:47 GMT" time="19.823" errors="0">
  <testcase name="Login" time="19.823" classname="myfinance.Testsimplemethods"/>
</testsuite> <!-- myfinance.Testsimplemethods -->
