<?xml version="1.0" encoding="UTF-8"?>
<!-- Generated by org.testng.reporters.JUnitReportReporter -->
<testsuite hostname="SWETHA" name="myfinance.FinanceTestingIMA_TC_001" tests="5" failures="0" timestamp="9 Oct 2016 14:16:32 GMT" time="215.852" errors="0">
  <testcase name="PayingFIGvoucher" time="67.729" classname="myfinance.FinanceTestingIMA_TC_001"/>
  <testcase name="AddFacility" time="26.217" classname="myfinance.FinanceTestingIMA_TC_001"/>
  <testcase name="Login" time="21.595" classname="myfinance.FinanceTestingIMA_TC_001"/>
  <testcase name="GetFIGvoucher" time="18.655" classname="myfinance.FinanceTestingIMA_TC_001"/>
  <testcase name="BookFacility" time="81.656" classname="myfinance.FinanceTestingIMA_TC_001"/>
</testsuite> <!-- myfinance.FinanceTestingIMA_TC_001 -->
